<?xml version="1.0" encoding="UTF-8"?>
<!-- Generated by org.testng.reporters.JUnitXMLReporter -->
<testsuite ignored="1" hostname="DESKTOP-MOUIIJ4" failures="0" tests="6" name="Default test" time="46.485" errors="0" timestamp="2023-07-20T15:41:00 IST">
  <testcase classname="com.ecommerce.test.FBRegistration" name="fbAccount" time="8.132"/>
  <testcase classname="com.ecommerce.test.FBRegistration" name="googleAccount" time="9.182"/>
  <testcase classname="com.ecommerce.test.FBRegistration" name="googleAccount" time="5.162"/>
  <testcase classname="com.ecommerce.test.FBRegistration" name="searchGoogleAndTestTitleText" time="9.001"/>
  <testcase classname="com.ecommerce.test.FBRegistration" name="testLocalPage" time="14.433"/>
  <testcase classname="com.ecommerce.test.FBRegistration" name="f1" time="0.008"/>
  <testcase classname="com.ecommerce.test.FBRegistration" name="f2" time="0.0">
    <ignored/>
  </testcase> <!-- f2 -->
</testsuite> <!-- Default test -->
