<?xml version="1.0" encoding="UTF-8"?>
<!-- Generated by org.testng.reporters.JUnitXMLReporter -->
<testsuite ignored="0" hostname="DESKTOP-MOUIIJ4" failures="0" tests="6" name="Default test" time="37.095" errors="0" timestamp="2023-07-20T14:25:56 IST">
  <testcase classname="com.ecommerce.test.FBRegistration" name="f1" time="0.045"/>
  <testcase classname="com.ecommerce.test.FBRegistration" name="f2" time="0.018"/>
  <testcase classname="com.ecommerce.test.FBRegistration" name="fbAccount" time="8.635"/>
  <testcase classname="com.ecommerce.test.FBRegistration" name="googleAccount" time="11.109"/>
  <testcase classname="com.ecommerce.test.FBRegistration" name="searchGoogle" time="7.439"/>
  <testcase classname="com.ecommerce.test.FBRegistration" name="testLocalPage" time="9.247"/>
</testsuite> <!-- Default test -->
