<?xml version="1.0" encoding="UTF-8"?>
<testng-results ignored="0" total="1" passed="1" failed="0" skipped="0">
  <reporter-output>
  </reporter-output>
  <suite started-at="2023-07-19T12:54:07 IST" name="Suite" finished-at="2023-07-19T12:54:10 IST" duration-ms="3079">
    <groups>
    </groups>
    <test started-at="2023-07-19T12:54:07 IST" name="Test" finished-at="2023-07-19T12:54:10 IST" duration-ms="3079">
      <class name="com.ecommerce.test.FBRegistration">
        <test-method is-config="true" signature="beforeSuite()[pri:0, instance:com.ecommerce.test.FBRegistration@639c2c1d]" started-at="2023-07-19T12:53:50 IST" name="beforeSuite" finished-at="2023-07-19T12:54:07 IST" duration-ms="16143" status="PASS">
          <reporter-output>
          </reporter-output>
        </test-method> <!-- beforeSuite -->
        <test-method is-config="true" signature="beforeTest()[pri:0, instance:com.ecommerce.test.FBRegistration@639c2c1d]" started-at="2023-07-19T12:54:07 IST" name="beforeTest" finished-at="2023-07-19T12:54:07 IST" duration-ms="3" status="PASS">
          <reporter-output>
          </reporter-output>
        </test-method> <!-- beforeTest -->
        <test-method is-config="true" signature="beforeClass()[pri:0, instance:com.ecommerce.test.FBRegistration@639c2c1d]" started-at="2023-07-19T12:54:07 IST" name="beforeClass" finished-at="2023-07-19T12:54:07 IST" duration-ms="2" status="PASS">
          <reporter-output>
          </reporter-output>
        </test-method> <!-- beforeClass -->
        <test-method is-config="true" signature="beforeMethod()[pri:0, instance:com.ecommerce.test.FBRegistration@639c2c1d]" started-at="2023-07-19T12:54:07 IST" name="beforeMethod" finished-at="2023-07-19T12:54:07 IST" duration-ms="3" status="PASS">
          <reporter-output>
          </reporter-output>
        </test-method> <!-- beforeMethod -->
        <test-method signature="f()[pri:0, instance:com.ecommerce.test.FBRegistration@639c2c1d]" started-at="2023-07-19T12:54:07 IST" name="f" finished-at="2023-07-19T12:54:10 IST" duration-ms="2895" status="PASS">
          <reporter-output>
          </reporter-output>
        </test-method> <!-- f -->
        <test-method is-config="true" signature="afterMethod()[pri:0, instance:com.ecommerce.test.FBRegistration@639c2c1d]" started-at="2023-07-19T12:54:10 IST" name="afterMethod" finished-at="2023-07-19T12:54:10 IST" duration-ms="2" status="PASS">
          <reporter-output>
          </reporter-output>
        </test-method> <!-- afterMethod -->
        <test-method is-config="true" signature="afterClass()[pri:0, instance:com.ecommerce.test.FBRegistration@639c2c1d]" started-at="2023-07-19T12:54:10 IST" name="afterClass" finished-at="2023-07-19T12:54:10 IST" duration-ms="2" status="PASS">
          <reporter-output>
          </reporter-output>
        </test-method> <!-- afterClass -->
        <test-method is-config="true" signature="afterTest()[pri:0, instance:com.ecommerce.test.FBRegistration@639c2c1d]" started-at="2023-07-19T12:54:10 IST" name="afterTest" finished-at="2023-07-19T12:54:10 IST" duration-ms="3" status="PASS">
          <reporter-output>
          </reporter-output>
        </test-method> <!-- afterTest -->
        <test-method is-config="true" signature="afterSuite()[pri:0, instance:com.ecommerce.test.FBRegistration@639c2c1d]" started-at="2023-07-19T12:54:10 IST" name="afterSuite" finished-at="2023-07-19T12:54:11 IST" duration-ms="963" status="PASS">
          <reporter-output>
          </reporter-output>
        </test-method> <!-- afterSuite -->
      </class> <!-- com.ecommerce.test.FBRegistration -->
    </test> <!-- Test -->
  </suite> <!-- Suite -->
</testng-results>
