<?xml version="1.0" encoding="UTF-8"?>
<testsuite xmlns:xsi="http://www.w3.org/2001/XMLSchema-instance" xsi:noNamespaceSchemaLocation="https://maven.apache.org/surefire/maven-surefire-plugin/xsd/surefire-test-report-3.0.xsd" version="3.0" name="TestSuite" time="24.031" tests="5" errors="0" skipped="1" failures="2">
  <properties>
[...]
</properties>
  <testcase name="f1" classname="com.ecomerce.test.ParalellTest" time="0.002">
    <system-out><![CDATA[Inside f2 in Thread ID 21
Inside googleWebsiteTitle
Thread ID 23
Inside f1 in Thread ID 20
]]></system-out>
    <system-err><![CDATA[SLF4J: Failed to load class "org.slf4j.impl.StaticLoggerBinder".
SLF4J: Defaulting to no-operation (NOP) logger implementation
SLF4J: See http://www.slf4j.org/codes.html#StaticLoggerBinder for further details.
Jul 20, 2023 12:57:05 PM org.openqa.selenium.remote.service.DriverService$Builder getLogOutput
INFO: Driver logs no longer sent to console by default; https://www.selenium.dev/documentation/webdriver/drivers/service/#setting-log-output
]]></system-err>
  </testcase>
  <testcase name="f2" classname="com.ecomerce.test.ParalellTest" time="0.045">
    <system-out><![CDATA[Inside facebookAccCreation
Thread ID 22
]]></system-out>
  </testcase>
  <testcase name="googleWebsiteTitle" classname="com.ecomerce.test.ParalellTest" time="7.426">
    <failure message=" Google title did not match&#10;	expected [Sign up for Facebook | Facebook] but found [Google]" type="java.lang.AssertionError"><![CDATA[java.lang.AssertionError: 
 Google title did not match
	expected [Sign up for Facebook | Facebook] but found [Google]
	at org.testng.asserts.SoftAssert.assertAll(SoftAssert.java:46)
	at com.ecomerce.test.ParalellTest.googleWebsiteTitle(ParalellTest.java:87)
	at java.base/jdk.internal.reflect.NativeMethodAccessorImpl.invoke0(Native Method)
	at java.base/jdk.internal.reflect.NativeMethodAccessorImpl.invoke(NativeMethodAccessorImpl.java:77)
	at java.base/jdk.internal.reflect.DelegatingMethodAccessorImpl.invoke(DelegatingMethodAccessorImpl.java:43)
	at java.base/java.lang.reflect.Method.invoke(Method.java:568)
	at org.testng.internal.invokers.MethodInvocationHelper.invokeMethod(MethodInvocationHelper.java:139)
	at org.testng.internal.invokers.TestInvoker.invokeMethod(TestInvoker.java:664)
	at org.testng.internal.invokers.TestInvoker.invokeTestMethod(TestInvoker.java:227)
	at org.testng.internal.invokers.MethodRunner.runInSequence(MethodRunner.java:50)
	at org.testng.internal.invokers.TestInvoker$MethodInvocationAgent.invoke(TestInvoker.java:957)
	at org.testng.internal.invokers.TestInvoker.invokeTestMethods(TestInvoker.java:200)
	at org.testng.internal.invokers.TestMethodWorker.invokeTestMethods(TestMethodWorker.java:148)
	at org.testng.internal.invokers.TestMethodWorker.run(TestMethodWorker.java:128)
	at java.base/java.util.concurrent.ThreadPoolExecutor.runWorker(ThreadPoolExecutor.java:1136)
	at java.base/java.util.concurrent.ThreadPoolExecutor$Worker.run(ThreadPoolExecutor.java:635)
	at java.base/java.lang.Thread.run(Thread.java:833)
]]></failure>
    <system-out><![CDATA[Google Title is Sign up for Facebook | Facebook
]]></system-out>
  </testcase>
  <testcase name="googleAccCreation" classname="com.ecomerce.test.ParalellTest" time="0.0">
    <skipped message="Method ParalellTest.googleAccCreation(java.lang.String,java.lang.String)[pri:0, instance:com.ecomerce.test.ParalellTest@7e6f74c] depends on not successfully finished methods in group &quot;Launch&quot;"/>
  </testcase>
  <testcase name="facebookAccCreation" classname="com.ecomerce.test.ParalellTest" time="1.945">
    <failure message=" Day or/and Gender assertion failed&#10;	expected [Sign up for Facebook | Facebook] but found [Google]" type="java.lang.AssertionError"><![CDATA[java.lang.AssertionError: 
 Day or/and Gender assertion failed
	expected [Sign up for Facebook | Facebook] but found [Google]
	at org.testng.asserts.SoftAssert.assertAll(SoftAssert.java:46)
	at com.ecomerce.test.ParalellTest.facebookAccCreation(ParalellTest.java:44)
	at java.base/jdk.internal.reflect.NativeMethodAccessorImpl.invoke0(Native Method)
	at java.base/jdk.internal.reflect.NativeMethodAccessorImpl.invoke(NativeMethodAccessorImpl.java:77)
	at java.base/jdk.internal.reflect.DelegatingMethodAccessorImpl.invoke(DelegatingMethodAccessorImpl.java:43)
	at java.base/java.lang.reflect.Method.invoke(Method.java:568)
	at org.testng.internal.invokers.MethodInvocationHelper.invokeMethod(MethodInvocationHelper.java:139)
	at org.testng.internal.invokers.TestInvoker.invokeMethod(TestInvoker.java:664)
	at org.testng.internal.invokers.TestInvoker.invokeTestMethod(TestInvoker.java:227)
	at org.testng.internal.invokers.MethodRunner.runInSequence(MethodRunner.java:50)
	at org.testng.internal.invokers.TestInvoker$MethodInvocationAgent.invoke(TestInvoker.java:957)
	at org.testng.internal.invokers.TestInvoker.invokeTestMethods(TestInvoker.java:200)
	at org.testng.internal.invokers.TestMethodWorker.invokeTestMethods(TestMethodWorker.java:148)
	at org.testng.internal.invokers.TestMethodWorker.run(TestMethodWorker.java:128)
	at java.base/java.util.concurrent.ThreadPoolExecutor.runWorker(ThreadPoolExecutor.java:1136)
	at java.base/java.util.concurrent.ThreadPoolExecutor$Worker.run(ThreadPoolExecutor.java:635)
	at java.base/java.lang.Thread.run(Thread.java:833)
]]></failure>
    <system-out><![CDATA[Gender is enabled = true
]]></system-out>
  </testcase>
</testsuite>