<?xml version="1.0" encoding="UTF-8"?>
<!-- Generated by org.testng.reporters.JUnitXMLReporter -->
<testsuite ignored="0" hostname="DESKTOP-MOUIIJ4" failures="0" tests="4" name="Default test" time="65.888" errors="0" timestamp="2023-07-20T11:06:03 IST">
  <testcase classname="com.ecomerce.test.ParalellTest" name="facebookAccCreation" time="11.788"/>
  <testcase classname="com.ecomerce.test.ParalellTest" name="googleWebsiteTitle" time="5.456"/>
  <testcase classname="com.ecomerce.test.ParalellTest" name="googleAccCreation" time="15.182"/>
  <testcase classname="com.ecomerce.test.ParalellTest" name="googleAccCreation" time="16.254"/>
</testsuite> <!-- Default test -->
