<?xml version="1.0" encoding="UTF-8"?>
<!-- Generated by org.testng.reporters.JUnitXMLReporter -->
<testsuite ignored="0" hostname="DESKTOP-MOUIIJ4" failures="0" tests="3" name="Default test" time="45.225" errors="0" timestamp="2023-07-20T10:53:05 IST">
  <testcase classname="com.ecomerce.test.ParalellTest" name="facebookAccCreation" time="9.197"/>
  <testcase classname="com.ecomerce.test.ParalellTest" name="googleWebsiteTitle" time="5.485"/>
  <testcase classname="com.ecomerce.test.ParalellTest" name="googleAccCreation" time="13.922"/>
</testsuite> <!-- Default test -->
