<?xml version="1.0" encoding="UTF-8"?>
<!-- Generated by org.testng.reporters.JUnitXMLReporter -->
<testsuite ignored="0" hostname="DESKTOP-MOUIIJ4" failures="1" tests="1" name="Test" time="0.233" errors="0" timestamp="2023-07-19T17:58:18 IST">
  <testcase classname="com.ecommerce.test.FBRegistration" name="searchGoogle" time="0.044">
    <failure type="org.testng.internal.reflect.MethodMatcherException" message="
[public void com.ecommerce.test.FBRegistration.searchGoogle()] has no parameters defined but was found to be using a data provider (either explicitly specified or inherited from class level annotation).
Data provider mismatch
Method: searchGoogle([])
Arguments: [(java.lang.Integer) 1,(java.lang.String) a]">
      <![CDATA[org.testng.internal.reflect.MethodMatcherException: 
[public void com.ecommerce.test.FBRegistration.searchGoogle()] has no parameters defined but was found to be using a data provider (either explicitly specified or inherited from class level annotation).
Data provider mismatch
Method: searchGoogle([])
Arguments: [(java.lang.Integer) 1,(java.lang.String) a]
at java.base/java.util.ArrayList.forEach(ArrayList.java:1511)
... Removed 22 stack frames]]>
    </failure>
  </testcase> <!-- searchGoogle -->
</testsuite> <!-- Test -->
