<?xml version="1.0" encoding="UTF-8"?>
<testng-results ignored="0" total="6" passed="6" failed="0" skipped="0">
  <reporter-output>
  </reporter-output>
  <suite started-at="2023-07-20T14:25:19 IST" name="Default suite" finished-at="2023-07-20T14:25:56 IST" duration-ms="37095">
    <groups>
    </groups>
    <test started-at="2023-07-20T14:25:19 IST" name="Default test" finished-at="2023-07-20T14:25:56 IST" duration-ms="37095">
      <class name="com.ecommerce.test.FBRegistration">
        <test-method is-config="true" signature="beforeSuite()[pri:0, instance:com.ecommerce.test.FBRegistration@639c2c1d]" started-at="2023-07-20T14:25:07 IST" name="beforeSuite" finished-at="2023-07-20T14:25:19 IST" duration-ms="12568" status="PASS">
          <reporter-output>
          </reporter-output>
        </test-method> <!-- beforeSuite -->
        <test-method is-config="true" signature="beforeTest()[pri:0, instance:com.ecommerce.test.FBRegistration@639c2c1d]" started-at="2023-07-20T14:25:19 IST" name="beforeTest" finished-at="2023-07-20T14:25:19 IST" duration-ms="3" status="PASS">
          <reporter-output>
          </reporter-output>
        </test-method> <!-- beforeTest -->
        <test-method is-config="true" signature="beforeClass()[pri:0, instance:com.ecommerce.test.FBRegistration@639c2c1d]" started-at="2023-07-20T14:25:19 IST" name="beforeClass" finished-at="2023-07-20T14:25:19 IST" duration-ms="7" status="PASS">
          <reporter-output>
          </reporter-output>
        </test-method> <!-- beforeClass -->
        <test-method is-config="true" signature="beforeMethod()[pri:0, instance:com.ecommerce.test.FBRegistration@639c2c1d]" started-at="2023-07-20T14:25:19 IST" name="beforeMethod" finished-at="2023-07-20T14:25:19 IST" duration-ms="49" status="PASS">
          <reporter-output>
          </reporter-output>
        </test-method> <!-- beforeMethod -->
        <test-method signature="f1()[pri:0, instance:com.ecommerce.test.FBRegistration@639c2c1d]" started-at="2023-07-20T14:25:19 IST" name="f1" finished-at="2023-07-20T14:25:19 IST" duration-ms="45" status="PASS">
          <reporter-output>
          </reporter-output>
        </test-method> <!-- f1 -->
        <test-method is-config="true" signature="afterMethod()[pri:0, instance:com.ecommerce.test.FBRegistration@639c2c1d]" started-at="2023-07-20T14:25:20 IST" name="afterMethod" finished-at="2023-07-20T14:25:20 IST" duration-ms="7" status="PASS">
          <reporter-output>
          </reporter-output>
        </test-method> <!-- afterMethod -->
        <test-method is-config="true" signature="beforeMethod()[pri:0, instance:com.ecommerce.test.FBRegistration@639c2c1d]" started-at="2023-07-20T14:25:20 IST" name="beforeMethod" finished-at="2023-07-20T14:25:20 IST" duration-ms="15" status="PASS">
          <reporter-output>
          </reporter-output>
        </test-method> <!-- beforeMethod -->
        <test-method signature="f2()[pri:0, instance:com.ecommerce.test.FBRegistration@639c2c1d]" started-at="2023-07-20T14:25:20 IST" name="f2" finished-at="2023-07-20T14:25:20 IST" duration-ms="18" status="PASS">
          <reporter-output>
          </reporter-output>
        </test-method> <!-- f2 -->
        <test-method is-config="true" signature="afterMethod()[pri:0, instance:com.ecommerce.test.FBRegistration@639c2c1d]" started-at="2023-07-20T14:25:20 IST" name="afterMethod" finished-at="2023-07-20T14:25:20 IST" duration-ms="2" status="PASS">
          <reporter-output>
          </reporter-output>
        </test-method> <!-- afterMethod -->
        <test-method is-config="true" signature="beforeMethod()[pri:0, instance:com.ecommerce.test.FBRegistration@639c2c1d]" started-at="2023-07-20T14:25:20 IST" name="beforeMethod" finished-at="2023-07-20T14:25:20 IST" duration-ms="4" status="PASS">
          <reporter-output>
          </reporter-output>
        </test-method> <!-- beforeMethod -->
        <test-method signature="fbAccount()[pri:0, instance:com.ecommerce.test.FBRegistration@639c2c1d]" started-at="2023-07-20T14:25:20 IST" name="fbAccount" finished-at="2023-07-20T14:25:28 IST" duration-ms="8635" status="PASS">
          <reporter-output>
          </reporter-output>
        </test-method> <!-- fbAccount -->
        <test-method is-config="true" signature="afterMethod()[pri:0, instance:com.ecommerce.test.FBRegistration@639c2c1d]" started-at="2023-07-20T14:25:28 IST" name="afterMethod" finished-at="2023-07-20T14:25:28 IST" duration-ms="9" status="PASS">
          <reporter-output>
          </reporter-output>
        </test-method> <!-- afterMethod -->
        <test-method is-config="true" signature="beforeMethod()[pri:0, instance:com.ecommerce.test.FBRegistration@639c2c1d]" started-at="2023-07-20T14:25:28 IST" name="beforeMethod" finished-at="2023-07-20T14:25:28 IST" duration-ms="6" status="PASS">
          <reporter-output>
          </reporter-output>
        </test-method> <!-- beforeMethod -->
        <test-method signature="googleAccount()[pri:0, instance:com.ecommerce.test.FBRegistration@639c2c1d]" started-at="2023-07-20T14:25:28 IST" name="googleAccount" finished-at="2023-07-20T14:25:39 IST" duration-ms="11109" status="PASS">
          <reporter-output>
          </reporter-output>
        </test-method> <!-- googleAccount -->
        <test-method is-config="true" signature="afterMethod()[pri:0, instance:com.ecommerce.test.FBRegistration@639c2c1d]" started-at="2023-07-20T14:25:39 IST" name="afterMethod" finished-at="2023-07-20T14:25:39 IST" duration-ms="14" status="PASS">
          <reporter-output>
          </reporter-output>
        </test-method> <!-- afterMethod -->
        <test-method is-config="true" signature="beforeMethod()[pri:0, instance:com.ecommerce.test.FBRegistration@639c2c1d]" started-at="2023-07-20T14:25:39 IST" name="beforeMethod" finished-at="2023-07-20T14:25:39 IST" duration-ms="21" status="PASS">
          <reporter-output>
          </reporter-output>
        </test-method> <!-- beforeMethod -->
        <test-method signature="searchGoogle()[pri:0, instance:com.ecommerce.test.FBRegistration@639c2c1d]" started-at="2023-07-20T14:25:39 IST" name="searchGoogle" finished-at="2023-07-20T14:25:47 IST" duration-ms="7439" status="PASS">
          <reporter-output>
          </reporter-output>
        </test-method> <!-- searchGoogle -->
        <test-method is-config="true" signature="afterMethod()[pri:0, instance:com.ecommerce.test.FBRegistration@639c2c1d]" started-at="2023-07-20T14:25:47 IST" name="afterMethod" finished-at="2023-07-20T14:25:47 IST" duration-ms="3" status="PASS">
          <reporter-output>
          </reporter-output>
        </test-method> <!-- afterMethod -->
        <test-method is-config="true" signature="beforeMethod()[pri:0, instance:com.ecommerce.test.FBRegistration@639c2c1d]" started-at="2023-07-20T14:25:47 IST" name="beforeMethod" finished-at="2023-07-20T14:25:47 IST" duration-ms="7" status="PASS">
          <reporter-output>
          </reporter-output>
        </test-method> <!-- beforeMethod -->
        <test-method signature="testLocalPage()[pri:0, instance:com.ecommerce.test.FBRegistration@639c2c1d]" started-at="2023-07-20T14:25:47 IST" name="testLocalPage" finished-at="2023-07-20T14:25:56 IST" duration-ms="9247" status="PASS">
          <reporter-output>
          </reporter-output>
        </test-method> <!-- testLocalPage -->
        <test-method is-config="true" signature="afterMethod()[pri:0, instance:com.ecommerce.test.FBRegistration@639c2c1d]" started-at="2023-07-20T14:25:56 IST" name="afterMethod" finished-at="2023-07-20T14:25:56 IST" duration-ms="2" status="PASS">
          <reporter-output>
          </reporter-output>
        </test-method> <!-- afterMethod -->
        <test-method is-config="true" signature="afterClass()[pri:0, instance:com.ecommerce.test.FBRegistration@639c2c1d]" started-at="2023-07-20T14:25:56 IST" name="afterClass" finished-at="2023-07-20T14:25:56 IST" duration-ms="5" status="PASS">
          <reporter-output>
          </reporter-output>
        </test-method> <!-- afterClass -->
        <test-method is-config="true" signature="afterTest()[pri:0, instance:com.ecommerce.test.FBRegistration@639c2c1d]" started-at="2023-07-20T14:25:56 IST" name="afterTest" finished-at="2023-07-20T14:25:56 IST" duration-ms="2" status="PASS">
          <reporter-output>
          </reporter-output>
        </test-method> <!-- afterTest -->
        <test-method is-config="true" signature="afterSuite()[pri:0, instance:com.ecommerce.test.FBRegistration@639c2c1d]" started-at="2023-07-20T14:25:57 IST" name="afterSuite" finished-at="2023-07-20T14:26:02 IST" duration-ms="4966" status="PASS">
          <reporter-output>
          </reporter-output>
        </test-method> <!-- afterSuite -->
      </class> <!-- com.ecommerce.test.FBRegistration -->
    </test> <!-- Default test -->
  </suite> <!-- Default suite -->
</testng-results>
