<?xml version="1.0" encoding="UTF-8"?>
<testng-results ignored="0" total="1" passed="1" failed="0" skipped="0">
  <reporter-output>
  </reporter-output>
  <suite started-at="2023-07-19T22:37:32 IST" name="Suite" finished-at="2023-07-19T22:37:36 IST" duration-ms="4547">
    <groups>
    </groups>
    <test started-at="2023-07-19T22:37:32 IST" name="Test" finished-at="2023-07-19T22:37:36 IST" duration-ms="4547">
      <class name="com.ecommerce.test.FBRegistration">
        <test-method is-config="true" signature="beforeSuite()[pri:0, instance:com.ecommerce.test.FBRegistration@47af7f3d]" started-at="2023-07-19T22:37:23 IST" name="beforeSuite" finished-at="2023-07-19T22:37:32 IST" duration-ms="8351" status="PASS">
          <reporter-output>
          </reporter-output>
        </test-method> <!-- beforeSuite -->
        <test-method is-config="true" signature="beforeTest()[pri:0, instance:com.ecommerce.test.FBRegistration@47af7f3d]" started-at="2023-07-19T22:37:32 IST" name="beforeTest" finished-at="2023-07-19T22:37:32 IST" duration-ms="1" status="PASS">
          <reporter-output>
          </reporter-output>
        </test-method> <!-- beforeTest -->
        <test-method is-config="true" signature="beforeClass()[pri:0, instance:com.ecommerce.test.FBRegistration@47af7f3d]" started-at="2023-07-19T22:37:32 IST" name="beforeClass" finished-at="2023-07-19T22:37:32 IST" duration-ms="1" status="PASS">
          <reporter-output>
          </reporter-output>
        </test-method> <!-- beforeClass -->
        <test-method is-config="true" signature="beforeMethod()[pri:0, instance:com.ecommerce.test.FBRegistration@47af7f3d]" started-at="2023-07-19T22:37:32 IST" name="beforeMethod" finished-at="2023-07-19T22:37:32 IST" duration-ms="2" status="PASS">
          <reporter-output>
          </reporter-output>
        </test-method> <!-- beforeMethod -->
        <test-method signature="searchGoogle()[pri:0, instance:com.ecommerce.test.FBRegistration@47af7f3d]" started-at="2023-07-19T22:37:32 IST" name="searchGoogle" finished-at="2023-07-19T22:37:36 IST" duration-ms="4389" status="PASS">
          <reporter-output>
          </reporter-output>
        </test-method> <!-- searchGoogle -->
        <test-method is-config="true" signature="afterMethod()[pri:0, instance:com.ecommerce.test.FBRegistration@47af7f3d]" started-at="2023-07-19T22:37:36 IST" name="afterMethod" finished-at="2023-07-19T22:37:36 IST" duration-ms="1" status="PASS">
          <reporter-output>
          </reporter-output>
        </test-method> <!-- afterMethod -->
        <test-method is-config="true" signature="afterClass()[pri:0, instance:com.ecommerce.test.FBRegistration@47af7f3d]" started-at="2023-07-19T22:37:36 IST" name="afterClass" finished-at="2023-07-19T22:37:36 IST" duration-ms="1" status="PASS">
          <reporter-output>
          </reporter-output>
        </test-method> <!-- afterClass -->
        <test-method is-config="true" signature="afterTest()[pri:0, instance:com.ecommerce.test.FBRegistration@47af7f3d]" started-at="2023-07-19T22:37:36 IST" name="afterTest" finished-at="2023-07-19T22:37:36 IST" duration-ms="1" status="PASS">
          <reporter-output>
          </reporter-output>
        </test-method> <!-- afterTest -->
        <test-method is-config="true" signature="afterSuite()[pri:0, instance:com.ecommerce.test.FBRegistration@47af7f3d]" started-at="2023-07-19T22:37:36 IST" name="afterSuite" finished-at="2023-07-19T22:37:37 IST" duration-ms="647" status="PASS">
          <reporter-output>
          </reporter-output>
        </test-method> <!-- afterSuite -->
      </class> <!-- com.ecommerce.test.FBRegistration -->
    </test> <!-- Test -->
  </suite> <!-- Suite -->
</testng-results>
